<?xml version="1.0" encoding="UTF-8"?>
<!-- Generated by org.testng.reporters.JUnitReportReporter -->
<testsuite skipped="0" hostname="Apples-MacBook-Air.local" name="Scenario.SuccessCreditCardPaymentTest" tests="1" failures="0" timestamp="19 May 2020 16:45:27 GMT" time="20.269" errors="0">
  <testcase name="successPaymentFlow" time="20.269" classname="Scenario.SuccessCreditCardPaymentTest"/>
</testsuite> <!-- Scenario.SuccessCreditCardPaymentTest -->
