<?xml version="1.0" encoding="UTF-8"?>
<!-- Generated by org.testng.reporters.JUnitReportReporter -->
<testsuite skipped="0" hostname="Apples-MacBook-Air.local" name="dkatalis.assignment.HomePageTest" tests="1" failures="0" timestamp="18 May 2020 17:14:13 GMT" time="26.210" errors="0">
  <testcase name="basePageNavigation" time="26.210" classname="dkatalis.assignment.HomePageTest"/>
</testsuite> <!-- dkatalis.assignment.HomePageTest -->
