<?xml version="1.0" encoding="UTF-8"?>
<!-- Generated by org.testng.reporters.JUnitReportReporter -->
<testsuite hostname="Apples-MacBook-Air.local" name="dkatalis.assignment.HomePageTest" tests="1" failures="0" timestamp="18 May 2020 16:57:36 GMT" time="88.198" errors="0">
  <testcase name="basePageNavigation" time="88.198" classname="dkatalis.assignment.HomePageTest"/>
</testsuite> <!-- dkatalis.assignment.HomePageTest -->
