<?xml version="1.0" encoding="UTF-8"?>
<!-- Generated by org.testng.reporters.JUnitReportReporter -->
<testsuite hostname="Apples-MacBook-Air.local" name="dkatalis.assignment.HomePageTest" tests="1" failures="0" timestamp="19 May 2020 08:48:43 GMT" time="30.663" errors="0">
  <testcase name="basePageNavigation" time="30.663" classname="dkatalis.assignment.HomePageTest"/>
</testsuite> <!-- dkatalis.assignment.HomePageTest -->
