<?xml version="1.0" encoding="UTF-8"?>
<!-- Generated by org.testng.reporters.JUnitReportReporter -->
<testsuite hostname="Apples-MacBook-Air.local" name="Scenario.HomePage" tests="1" failures="0" timestamp="19 May 2020 09:21:21 GMT" time="30.605" errors="0">
  <testcase name="basePageNavigation" time="30.605" classname="Scenario.HomePage"/>
</testsuite> <!-- Scenario.HomePage -->
