<?xml version="1.0" encoding="UTF-8"?>
<!-- Generated by org.testng.reporters.JUnitReportReporter -->
<testsuite hostname="Apples-MacBook-Air.local" name="Scenario.SuccessCreditCardPaymentTest" tests="1" failures="0" timestamp="19 May 2020 14:43:10 GMT" time="25.351" errors="0">
  <testcase name="PaymentFlow" time="25.351" classname="Scenario.SuccessCreditCardPaymentTest"/>
</testsuite> <!-- Scenario.SuccessCreditCardPaymentTest -->
